<?xml version="1.0" encoding="UTF-8"?>
<!-- Generated by org.testng.reporters.JUnitReportReporter -->
<testsuite hostname="DESKTOP-QRQRH7B" failures="0" tests="1" name="com.inetbanking.testCases.TC_LoginPage_001" time="7.555" errors="0" timestamp="2020-11-04T15:53:09 SAST" skipped="0">
  <testcase classname="com.inetbanking.testCases.TC_LoginPage_001" name="loginTest" time="7.555"/>
  <system-out/>
</testsuite> <!-- com.inetbanking.testCases.TC_LoginPage_001 -->
