<?xml version="1.0" encoding="UTF-8"?>
<!-- Generated by org.testng.reporters.JUnitReportReporter -->
<testsuite hostname="DESKTOP-QRQRH7B" failures="0" tests="1" name="com.inetbanking.testCases.TC_EditCustomerTest_03" time="15.003" errors="0" timestamp="2020-11-19T14:20:35 SAST" skipped="0">
  <testcase classname="com.inetbanking.testCases.TC_EditCustomerTest_03" name="editCustomer" time="15.003"/>
  <system-out/>
</testsuite> <!-- com.inetbanking.testCases.TC_EditCustomerTest_03 -->
