<?xml version="1.0" encoding="UTF-8"?>
<!-- Generated by org.testng.reporters.JUnitReportReporter -->
<testsuite hostname="DESKTOP-QRQRH7B" failures="0" tests="1" name="com.inetbanking.testCases.TC_LoginTest_01" time="2.360" errors="0" timestamp="2020-11-18T17:34:49 SAST" skipped="0">
  <testcase classname="com.inetbanking.testCases.TC_LoginTest_01" name="loginTest" time="2.360"/>
  <system-out/>
</testsuite> <!-- com.inetbanking.testCases.TC_LoginTest_01 -->
